

*******************************************************************************
Tue May  3 16:44:17 2022


FIT:    data read from 'data_in/simple_set.dat'
        format = z
        #datapoints = 5
        residuals are weighted equally (unit weight)

function used for fitting: f(x)
	f(x)=a*exp(m/x)
fitted parameters initialized with current variable values

iter      chisq       delta/lim  lambda   a             m            
   0 7.2585223777e+01   0.00e+00  7.42e-01    1.000000e+00   1.000000e+00
   5 4.3303096923e-01  -5.01e-02  7.42e-06    3.021987e+00   8.583067e+00

After 5 iterations the fit converged.
final sum of squares of residuals : 0.433031
rel. change during last iteration : -5.0137e-07

degrees of freedom    (FIT_NDF)                        : 3
rms of residuals      (FIT_STDFIT) = sqrt(WSSR/ndf)    : 0.379926
variance of residuals (reduced chisquare) = WSSR/ndf   : 0.144344

Final set of parameters            Asymptotic Standard Error
=======================            ==========================
a               = 3.02199          +/- 0.2271       (7.513%)
m               = 8.58307          +/- 1.047        (12.2%)

correlation matrix of the fit parameters:
                a      m      
a               1.000 
m              -0.882  1.000 


*******************************************************************************
Thu May  5 10:42:21 2022


FIT:    data read from "data_in/pace_set.dat"
        format = z
        #datapoints = 15
        residuals are weighted equally (unit weight)

function used for fitting: f(x)
	f(x)=m*log10(x)+b
fitted parameters initialized with current variable values

iter      chisq       delta/lim  lambda   m             b            
   0 8.0268100734e+01   0.00e+00  1.43e+00    1.000000e+00   1.000000e+00
   4 1.5195004914e+01  -3.47e-09  1.43e-04   -9.812084e-02   4.393205e+00

After 4 iterations the fit converged.
final sum of squares of residuals : 15.195
rel. change during last iteration : -3.47205e-14

degrees of freedom    (FIT_NDF)                        : 13
rms of residuals      (FIT_STDFIT) = sqrt(WSSR/ndf)    : 1.08113
variance of residuals (reduced chisquare) = WSSR/ndf   : 1.16885

Final set of parameters            Asymptotic Standard Error
=======================            ==========================
m               = -0.0981208       +/- 0.2881       (293.6%)
b               = 4.3932           +/- 0.5047       (11.49%)

correlation matrix of the fit parameters:
                m      b      
m               1.000 
b              -0.833  1.000 


*******************************************************************************
Thu May  5 11:07:37 2022


FIT:    data read from "data_in/pace_set_cheat.dat"
        format = z
        #datapoints = 15
        residuals are weighted equally (unit weight)

function used for fitting: f(x)
	f(x)=m*log10(x)+b
fitted parameters initialized with current variable values

iter      chisq       delta/lim  lambda   m             b            
   0 2.0052538375e+01   0.00e+00  3.13e+00   -9.812084e-02   4.393205e+00
   5 2.7813154828e+00  -1.03e-08  3.13e-05    8.609363e-01   4.098092e-02

After 5 iterations the fit converged.
final sum of squares of residuals : 2.78132
rel. change during last iteration : -1.03465e-13

degrees of freedom    (FIT_NDF)                        : 13
rms of residuals      (FIT_STDFIT) = sqrt(WSSR/ndf)    : 0.462544
variance of residuals (reduced chisquare) = WSSR/ndf   : 0.213947

Final set of parameters            Asymptotic Standard Error
=======================            ==========================
m               = 0.860936         +/- 0.1124       (13.06%)
b               = 0.0409809        +/- 0.5624       (1372%)

correlation matrix of the fit parameters:
                m      b      
m               1.000 
b              -0.977  1.000 


*******************************************************************************
Sun May  8 21:17:35 2022


FIT:    data read from 'varying_tolerance' using 1:2
        format = x:z
        x range restricted to [2.13298e-09 : 0.0674507]
        #datapoints = 7
        residuals are weighted equally (unit weight)

function used for fitting: f(x)
	f(x)=a*x^b
fitted parameters initialized with current variable values



*******************************************************************************
Sun May  8 21:17:57 2022


FIT:    data read from 'varying_tolerance'
        format = z
        x range restricted to [2.13298e-09 : 0.0674507]
        #datapoints = 7
        residuals are weighted equally (unit weight)

function used for fitting: f(x)
	f(x)=a*x^b
BREAK: Need via and either parameter list or file

*******************************************************************************
Sun May  8 21:18:16 2022


FIT:    data read from 'varying_tolerance' using 1:2
        format = x:z
        x range restricted to [2.13298e-09 : 0.0674507]
        #datapoints = 7
        residuals are weighted equally (unit weight)

function used for fitting: f(x)
	f(x)=a*x**b
fitted parameters initialized with current variable values

iter      chisq       delta/lim  lambda   a             b            
   0 4.6938589122e+06   0.00e+00  1.27e-02    1.000000e+00   1.000000e+00

Current data point
=========================
#               = 1 out of 7
x               = -755.441       
z               = 24             

Current set of parameters
=========================
a               = -755.441       
b               = -1590.58       

BREAK: Undefined value during function evaluation

*******************************************************************************
Sun May  8 21:18:35 2022


FIT:    data read from 'varying_tolerance'
        format = z
        x range restricted to [2.13298e-09 : 0.0674507]
        #datapoints = 7
        residuals are weighted equally (unit weight)

function used for fitting: f(x)
	f(x)=a*x**b
BREAK: Need via and either parameter list or file

*******************************************************************************
Sun May  8 21:20:00 2022


FIT:    data read from 'varying_tolerance' using 1:2
        format = x:z
        x range restricted to [2.13298e-09 : 0.0674507]
        #datapoints = 7
        residuals are weighted equally (unit weight)

function used for fitting: f(x)
	f(x)=a*x**b
fitted parameters initialized with current variable values


Current data point
=========================
#               = 1 out of 7
x               = -755.441       
z               = 24             

Current set of parameters
=========================
a               = -755.441       
b               = -1590.58       

BREAK: Undefined value during function evaluation

*******************************************************************************
Sun May  8 21:21:55 2022


FIT:    data read from 'varying_tolerance' using 1:2
        format = x:z
        x range restricted to [2.13298e-09 : 0.0674507]
        #datapoints = 7
        residuals are weighted equally (unit weight)

function used for fitting: f(x)
	f(x)=a*x**b + c
fitted parameters initialized with current variable values


Current data point
=========================
#               = 1 out of 7
x               = -755.441       
z               = 24             

Current set of parameters
=========================
a               = -755.441       
b               = -1590.58       
c               = 1              

BREAK: Undefined value during function evaluation

*******************************************************************************
Sun May  8 21:22:07 2022


FIT:    data read from 'varying_tolerance' using 1:2
        format = x:z
        x range restricted to [2.13298e-09 : 0.0674507]
        #datapoints = 7
        residuals are weighted equally (unit weight)

function used for fitting: f(x)
	f(x)=a*x**b + c
fitted parameters initialized with current variable values


Current data point
=========================
#               = 1 out of 7
x               = -755.441       
z               = 24             

Current set of parameters
=========================
a               = -755.441       
b               = -1590.58       
c               = 1              

BREAK: Undefined value during function evaluation

*******************************************************************************
Sun May  8 21:22:09 2022


FIT:    data read from 'varying_tolerance' using 1:2
        format = x:z
        x range restricted to [2.13298e-09 : 0.0674507]
        #datapoints = 7
        residuals are weighted equally (unit weight)

function used for fitting: f(x)
	f(x)=a*x**b + c
fitted parameters initialized with current variable values


Current data point
=========================
#               = 1 out of 7
x               = -755.441       
z               = 24             

Current set of parameters
=========================
a               = -755.441       
b               = -1590.58       
c               = 1              

BREAK: Undefined value during function evaluation

*******************************************************************************
Sun May  8 21:27:06 2022


FIT:    data read from 'varying_tolerance' using 1:2
        format = x:z
        x range restricted to [2.13298e-09 : 0.0674507]
        #datapoints = 7
        residuals are weighted equally (unit weight)

function used for fitting: f(x)
	f(x)=a*x**b + c
fitted parameters initialized with current variable values

iter      chisq       delta/lim  lambda   a             b             c            
   0 3.6637491613e+10   0.00e+00  2.18e+05   -7.554409e+02  -2.917000e-01   1.000000e+00
4037 2.7847841304e+01  -3.11e-01  2.18e-05    1.243360e+05  -7.647956e-04  -1.247471e+05

After 4037 iterations the fit converged.
final sum of squares of residuals : 27.8478
rel. change during last iteration : -3.11444e-06

degrees of freedom    (FIT_NDF)                        : 4
rms of residuals      (FIT_STDFIT) = sqrt(WSSR/ndf)    : 2.63855
variance of residuals (reduced chisquare) = WSSR/ndf   : 6.96196

Final set of parameters            Asymptotic Standard Error
=======================            ==========================
a               = 124336           +/- 1.855e+05    (149.2%)
b               = -0.000764796     +/- 0.001131     (147.9%)
c               = -124747          +/- 1.855e+05    (148.7%)

correlation matrix of the fit parameters:
                a      b      c      
a               1.000 
b               1.000  1.000 
c              -1.000 -1.000  1.000 
